<?xml version="1.0" encoding="UTF-8"?>
<testsuite xmlns:xsi="http://www.w3.org/2001/XMLSchema-instance" xsi:noNamespaceSchemaLocation="https://maven.apache.org/surefire/maven-surefire-plugin/xsd/surefire-test-report.xsd" name="co.com.sofka.app.calculator.BasicCalculatorTest" time="0.087" tests="5" errors="0" skipped="0" failures="0">
  <properties>
[...]
</properties>
  <testcase name="severalSums{Long, Long, Long}[1]" classname="co.com.sofka.app.calculator.BasicCalculatorTest" time="0.043"/>
  <testcase name="severalSums{Long, Long, Long}[2]" classname="co.com.sofka.app.calculator.BasicCalculatorTest" time="0.002"/>
  <testcase name="severalSums{Long, Long, Long}[3]" classname="co.com.sofka.app.calculator.BasicCalculatorTest" time="0.001"/>
  <testcase name="severalSums{Long, Long, Long}[4]" classname="co.com.sofka.app.calculator.BasicCalculatorTest" time="0.001"/>
  <testcase name="sum" classname="co.com.sofka.app.calculator.BasicCalculatorTest" time="0.002"/>
</testsuite>